<?xml version="1.0" encoding="UTF-8"?>
<testng-results ignored="0" total="1" passed="1" failed="0" skipped="0">
  <reporter-output>
  </reporter-output>
  <suite started-at="2024-07-01T18:49:00 IST" name="Suite" finished-at="2024-07-01T18:49:15 IST" duration-ms="14472">
    <groups>
    </groups>
    <test started-at="2024-07-01T18:49:00 IST" name="Test" finished-at="2024-07-01T18:49:15 IST" duration-ms="14472">
      <class name="com.learnautomation.testcases.LoginTestCRM">
        <test-method is-config="true" signature="setupsuite()[pri:0, instance:com.learnautomation.testcases.LoginTestCRM@702657cc]" started-at="2024-07-01T18:49:00 IST" name="setupsuite" finished-at="2024-07-01T18:49:00 IST" duration-ms="561" status="PASS">
          <reporter-output>
          </reporter-output>
        </test-method> <!-- setupsuite -->
        <test-method is-config="true" signature="setup()[pri:0, instance:com.learnautomation.testcases.LoginTestCRM@702657cc]" started-at="2024-07-01T18:49:01 IST" name="setup" finished-at="2024-07-01T18:49:07 IST" duration-ms="6292" status="PASS">
          <reporter-output>
          </reporter-output>
        </test-method> <!-- setup -->
        <test-method signature="loginApp()[pri:0, instance:com.learnautomation.testcases.LoginTestCRM@702657cc]" started-at="2024-07-01T18:49:07 IST" name="loginApp" finished-at="2024-07-01T18:49:09 IST" duration-ms="2524" status="PASS">
          <reporter-output>
          </reporter-output>
        </test-method> <!-- loginApp -->
        <test-method is-config="true" signature="teardownMethod(org.testng.ITestResult)[pri:0, instance:com.learnautomation.testcases.LoginTestCRM@702657cc]" started-at="2024-07-01T18:49:09 IST" name="teardownMethod" finished-at="2024-07-01T18:49:10 IST" duration-ms="408" status="PASS">
          <params>
            <param index="0">
              <value>
                <![CDATA[[TestResult name=loginApp status=SUCCESS method=LoginTestCRM.loginApp()[pri:0, instance:com.learnautomation.testcases.LoginTestCRM@702657cc] output={null}]]]>
              </value>
            </param>
          </params>
          <reporter-output>
          </reporter-output>
        </test-method> <!-- teardownMethod -->
        <test-method is-config="true" signature="teardown()[pri:0, instance:com.learnautomation.testcases.LoginTestCRM@702657cc]" started-at="2024-07-01T18:49:10 IST" name="teardown" finished-at="2024-07-01T18:49:15 IST" duration-ms="5223" status="PASS">
          <reporter-output>
          </reporter-output>
        </test-method> <!-- teardown -->
      </class> <!-- com.learnautomation.testcases.LoginTestCRM -->
    </test> <!-- Test -->
  </suite> <!-- Suite -->
</testng-results>
