<?xml version="1.0" encoding="UTF-8"?>
<testng-results ignored="0" total="1" passed="1" failed="0" skipped="0">
  <reporter-output>
  </reporter-output>
  <suite started-at="2024-07-01T17:02:10 IST" name="Suite" finished-at="2024-07-01T17:02:24 IST" duration-ms="14124">
    <groups>
    </groups>
    <test started-at="2024-07-01T17:02:10 IST" name="Test" finished-at="2024-07-01T17:02:24 IST" duration-ms="14124">
      <class name="com.learnautomation.testcases.LoginTestCRM">
        <test-method is-config="true" signature="setupsuite()[pri:0, instance:com.learnautomation.testcases.LoginTestCRM@34e9fd99]" started-at="2024-07-01T17:02:10 IST" name="setupsuite" finished-at="2024-07-01T17:02:10 IST" duration-ms="655" status="PASS">
          <reporter-output>
          </reporter-output>
        </test-method> <!-- setupsuite -->
        <test-method is-config="true" signature="setup()[pri:0, instance:com.learnautomation.testcases.LoginTestCRM@34e9fd99]" started-at="2024-07-01T17:02:10 IST" name="setup" finished-at="2024-07-01T17:02:18 IST" duration-ms="7226" status="PASS">
          <reporter-output>
          </reporter-output>
        </test-method> <!-- setup -->
        <test-method signature="loginApp()[pri:0, instance:com.learnautomation.testcases.LoginTestCRM@34e9fd99]" started-at="2024-07-01T17:02:18 IST" name="loginApp" finished-at="2024-07-01T17:02:20 IST" duration-ms="2543" status="PASS">
          <reporter-output>
          </reporter-output>
        </test-method> <!-- loginApp -->
        <test-method is-config="true" signature="teardown()[pri:0, instance:com.learnautomation.testcases.LoginTestCRM@34e9fd99]" started-at="2024-07-01T17:02:20 IST" name="teardown" finished-at="2024-07-01T17:02:24 IST" duration-ms="4322" status="PASS">
          <reporter-output>
          </reporter-output>
        </test-method> <!-- teardown -->
      </class> <!-- com.learnautomation.testcases.LoginTestCRM -->
    </test> <!-- Test -->
  </suite> <!-- Suite -->
</testng-results>
